<?xml version="1.0" encoding="UTF-8"?>
<testsuite name="org.example.FileFilterTest" tests="1" skipped="0" failures="0" errors="0" timestamp="2025-02-11T17:49:57" hostname="DESKTOP-29SOIIJ" time="0.022">
  <properties/>
  <testcase name="testFileFilter()" classname="org.example.FileFilterTest" time="0.022"/>
  <system-out><![CDATA[]]></system-out>
  <system-err><![CDATA[]]></system-err>
</testsuite>
